[0.012s] Invoking command in '/home/jayanth/ros2_mock_ws/build/mock_serial_robot': CMAKE_PREFIX_PATH=${CMAKE_PREFIX_PATH}:/opt/ros/humble /usr/bin/cmake --build /home/jayanth/ros2_mock_ws/build/mock_serial_robot -- -j4 -l4
[0.039s] -- Found ament_cmake: 1.3.12 (/opt/ros/humble/share/ament_cmake/cmake)
[0.175s] -- Found rclcpp: 16.0.15 (/opt/ros/humble/share/rclcpp/cmake)
[0.206s] -- Found rosidl_generator_c: 3.1.7 (/opt/ros/humble/share/rosidl_generator_c/cmake)
[0.209s] -- Found rosidl_adapter: 3.1.7 (/opt/ros/humble/share/rosidl_adapter/cmake)
[0.215s] -- Found rosidl_generator_cpp: 3.1.7 (/opt/ros/humble/share/rosidl_generator_cpp/cmake)
[0.226s] -- Using all available rosidl_typesupport_c: rosidl_typesupport_fastrtps_c;rosidl_typesupport_introspection_c
[0.240s] -- Using all available rosidl_typesupport_cpp: rosidl_typesupport_fastrtps_cpp;rosidl_typesupport_introspection_cpp
[0.280s] -- Found rmw_implementation_cmake: 6.1.2 (/opt/ros/humble/share/rmw_implementation_cmake/cmake)
[0.281s] -- Found rmw_fastrtps_cpp: 6.2.8 (/opt/ros/humble/share/rmw_fastrtps_cpp/cmake)
[0.395s] -- Using RMW implementation 'rmw_fastrtps_cpp' as default
[0.449s] -- Found hardware_interface: 2.52.0 (/opt/ros/humble/share/hardware_interface/cmake)
[0.590s] -- Found ros2_control: 2.52.0 (/opt/ros/humble/share/ros2_control/cmake)
[0.662s] -- Configuring done
[0.679s] -- Generating done
[0.686s] -- Build files have been written to: /home/jayanth/ros2_mock_ws/build/mock_serial_robot
[0.715s] [35m[1mConsolidate compiler generated dependencies of target mock_system[0m
[0.734s] [ 50%] [32mBuilding CXX object CMakeFiles/mock_system.dir/src/mock_system.cpp.o[0m
[0.745s] [01m[K/home/jayanth/ros2_mock_ws/src/mock_serial_robot/src/mock_system.cpp:1:10:[m[K [01;31m[Kfatal error: [m[Kmock_serial_robot/mock_system.hpp: No such file or directory
[0.745s]     1 | #include [01;31m[K"mock_serial_robot/mock_system.hpp"[m[K
[0.745s]       |          [01;31m[K^~~~~~~~~~~~~~~~~~~~~~~~~~~~~~~~~~~[m[K
[0.745s] compilation terminated.
[0.746s] gmake[2]: *** [CMakeFiles/mock_system.dir/build.make:76: CMakeFiles/mock_system.dir/src/mock_system.cpp.o] Error 1
[0.746s] gmake[1]: *** [CMakeFiles/Makefile2:137: CMakeFiles/mock_system.dir/all] Error 2
[0.746s] gmake: *** [Makefile:146: all] Error 2
[0.749s] Invoked command in '/home/jayanth/ros2_mock_ws/build/mock_serial_robot' returned '2': CMAKE_PREFIX_PATH=${CMAKE_PREFIX_PATH}:/opt/ros/humble /usr/bin/cmake --build /home/jayanth/ros2_mock_ws/build/mock_serial_robot -- -j4 -l4
